<?xml version="1.0" encoding="UTF-8"?>
<testsuites name="Test Suite 01 - Positive" time="26.825" tests="4" failures="0" errors="0">
   <testsuite name="Test Suite 01 - Positive" tests="4" failures="0" errors="0" time="26.825" skipped="0" timestamp="2023-01-20 21:16:36" hostname="User-PC - DESKTOP-NJ1DL4D" id="Test Suites/Test Suite 01 - Positive">
      <properties>
         <property name="deviceName" value=""/>
         <property name="devicePlatform" value=""/>
         <property name="logFolder" value="C:\\Users\\User-PC\\git\\SauceDemo\\Reports\\20230120_211634\\Test Suite 01 - Positive\\20230120_211634"/>
         <property name="logFiles" value="C:\\Users\\User-PC\\git\\SauceDemo\\Reports\\20230120_211634\\Test Suite 01 - Positive\\20230120_211634\\execution0.log"/>
         <property name="attachments" value=""/>
         <property name="hostName" value="User-PC - DESKTOP-NJ1DL4D"/>
         <property name="os" value="Windows 10 64bit"/>
         <property name="katalonVersion" value="8.5.5.208"/>
         <property name="browser" value="Chrome 109.0.0.0"/>
         <property name="hostAddress" value="192.168.1.9"/>
         <property name="sessionId" value="a7b72ea309b7e27e2a088b515f9a723c"/>
         <property name="seleniumVersion" value="3.141.59"/>
         <property name="proxyInformation" value="ProxyInformation { proxyOption=NO_PROXY, proxyServerType=HTTP, username=, password=********, proxyServerAddress=, proxyServerPort=0, executionList=&quot;&quot;, isApplyToDesiredCapabilities=true }"/>
         <property name="platform" value="Windows 10"/>
      </properties>
      <testcase name="Test Cases/TC01 - Login - Standard User - Positive" time="5.648" classname="Test Cases/TC01 - Login - Standard User - Positive" status="PASSED">
         <system-out><![CDATA[2023-01-20 21:16:37 - [TEST_CASE][PASSED] - Test Cases/TC01 - Login - Standard User - Positive: Test Cases/TC01 - Login - Standard User - Positive

2023-01-20 21:16:37 - [TEST_STEP][PASSED] - openBrowser(""): Browser is opened with url: ''

2023-01-20 21:16:37 - [MESSAGE][INFO] - Starting 'Chrome' driver

2023-01-20 21:16:37 - [MESSAGE][INFO] - Action delay is set to 0 milliseconds

2023-01-20 21:16:39 - [MESSAGE][PASSED] - Browser is opened with url: ''

2023-01-20 21:16:39 - [TEST_STEP][PASSED] - navigateToUrl("https://www.saucedemo.com/"): Navigate to 'https://www.saucedemo.com/' successfully

2023-01-20 21:16:40 - [MESSAGE][PASSED] - Navigate to 'https://www.saucedemo.com/' successfully

2023-01-20 21:16:40 - [TEST_STEP][PASSED] - setText(findTestObject("Object Repository/Page_Swag Labs/input_standard_userlocked_out_userproblem_u_db77ac"), "standard_user"): Text 'standard_user' is set on object 'Object Repository/Page_Swag Labs/input_standard_userlocked_out_userproblem_u_db77ac'

2023-01-20 21:16:41 - [MESSAGE][PASSED] - Text 'standard_user' is set on object 'Object Repository/Page_Swag Labs/input_standard_userlocked_out_userproblem_u_db77ac'

2023-01-20 21:16:41 - [TEST_STEP][PASSED] - setEncryptedText(findTestObject("Object Repository/Page_Swag Labs/input_standard_userlocked_out_userproblem_u_3423e9"), "qcu24s4901FyWDTwXGr6XA=="): Text ****** has been set on object 'Object Repository/Page_Swag Labs/input_standard_userlocked_out_userproblem_u_3423e9'

2023-01-20 21:16:41 - [MESSAGE][PASSED] - Text ****** has been set on object 'Object Repository/Page_Swag Labs/input_standard_userlocked_out_userproblem_u_3423e9'

2023-01-20 21:16:41 - [TEST_STEP][PASSED] - click(findTestObject("Object Repository/Page_Swag Labs/input_standard_userlocked_out_userproblem_u_0dff71")): Object: 'Object Repository/Page_Swag Labs/input_standard_userlocked_out_userproblem_u_0dff71' is clicked on

2023-01-20 21:16:42 - [MESSAGE][PASSED] - Object: 'Object Repository/Page_Swag Labs/input_standard_userlocked_out_userproblem_u_0dff71' is clicked on

2023-01-20 21:16:42 - [TEST_STEP][PASSED] - verifyTextPresent("PRODUCTS", false): Text 'PRODUCTS' is present on page 

2023-01-20 21:16:42 - [MESSAGE][PASSED] - Text 'PRODUCTS' is present on page]]></system-out>
         <system-err><![CDATA[]]></system-err>
      </testcase>
      <testcase name="Test Cases/TC04 - Login - Glitch User - Positive" time="10.392" classname="Test Cases/TC04 - Login - Glitch User - Positive" status="PASSED">
         <system-out><![CDATA[2023-01-20 21:16:42 - [TEST_CASE][PASSED] - Test Cases/TC04 - Login - Glitch User - Positive: Test Cases/TC04 - Login - Glitch User - Positive

2023-01-20 21:16:43 - [TEST_STEP][PASSED] - openBrowser(""): Browser is opened with url: ''

2023-01-20 21:16:43 - [MESSAGE][WARNING] - A browser is already opened. Closing browser and opening a new one

2023-01-20 21:16:44 - [MESSAGE][INFO] - Starting 'Chrome' driver

2023-01-20 21:16:44 - [MESSAGE][INFO] - Action delay is set to 0 milliseconds

2023-01-20 21:16:45 - [MESSAGE][PASSED] - Browser is opened with url: ''

2023-01-20 21:16:45 - [TEST_STEP][PASSED] - navigateToUrl("https://www.saucedemo.com/"): Navigate to 'https://www.saucedemo.com/' successfully

2023-01-20 21:16:45 - [MESSAGE][PASSED] - Navigate to 'https://www.saucedemo.com/' successfully

2023-01-20 21:16:45 - [TEST_STEP][PASSED] - setText(findTestObject("Object Repository/Page_Swag Labs/input_standard_userlocked_out_userproblem_u_db77ac"), "performance_glitch_user"): Text 'performance_glitch_user' is set on object 'Object Repository/Page_Swag Labs/input_standard_userlocked_out_userproblem_u_db77ac'

2023-01-20 21:16:46 - [MESSAGE][PASSED] - Text 'performance_glitch_user' is set on object 'Object Repository/Page_Swag Labs/input_standard_userlocked_out_userproblem_u_db77ac'

2023-01-20 21:16:46 - [TEST_STEP][PASSED] - setEncryptedText(findTestObject("Object Repository/Page_Swag Labs/input_standard_userlocked_out_userproblem_u_3423e9"), "qcu24s4901FyWDTwXGr6XA=="): Text ****** has been set on object 'Object Repository/Page_Swag Labs/input_standard_userlocked_out_userproblem_u_3423e9'

2023-01-20 21:16:47 - [MESSAGE][PASSED] - Text ****** has been set on object 'Object Repository/Page_Swag Labs/input_standard_userlocked_out_userproblem_u_3423e9'

2023-01-20 21:16:47 - [TEST_STEP][PASSED] - click(findTestObject("Object Repository/Page_Swag Labs/input_standard_userlocked_out_userproblem_u_0dff71")): Object: 'Object Repository/Page_Swag Labs/input_standard_userlocked_out_userproblem_u_0dff71' is clicked on

2023-01-20 21:16:52 - [MESSAGE][PASSED] - Object: 'Object Repository/Page_Swag Labs/input_standard_userlocked_out_userproblem_u_0dff71' is clicked on

2023-01-20 21:16:52 - [TEST_STEP][PASSED] - verifyTextPresent("PRODUCTS", false): Text 'PRODUCTS' is present on page 

2023-01-20 21:16:53 - [MESSAGE][PASSED] - Text 'PRODUCTS' is present on page]]></system-out>
         <system-err><![CDATA[]]></system-err>
      </testcase>
      <testcase name="Test Cases/TC02 - Login - Locked User - Positive" time="5.104" classname="Test Cases/TC02 - Login - Locked User - Positive" status="PASSED">
         <system-out><![CDATA[2023-01-20 21:16:53 - [TEST_CASE][PASSED] - Test Cases/TC02 - Login - Locked User - Positive: Test Cases/TC02 - Login - Locked User - Positive

2023-01-20 21:16:53 - [TEST_STEP][PASSED] - openBrowser(""): Browser is opened with url: ''

2023-01-20 21:16:53 - [MESSAGE][WARNING] - A browser is already opened. Closing browser and opening a new one

2023-01-20 21:16:54 - [MESSAGE][INFO] - Starting 'Chrome' driver

2023-01-20 21:16:54 - [MESSAGE][INFO] - Action delay is set to 0 milliseconds

2023-01-20 21:16:55 - [MESSAGE][PASSED] - Browser is opened with url: ''

2023-01-20 21:16:55 - [TEST_STEP][PASSED] - navigateToUrl("https://www.saucedemo.com/"): Navigate to 'https://www.saucedemo.com/' successfully

2023-01-20 21:16:55 - [MESSAGE][PASSED] - Navigate to 'https://www.saucedemo.com/' successfully

2023-01-20 21:16:55 - [TEST_STEP][PASSED] - setText(findTestObject("Object Repository/Page_Swag Labs/input_standard_userlocked_out_userproblem_u_db77ac"), "locked_out_user"): Text 'locked_out_user' is set on object 'Object Repository/Page_Swag Labs/input_standard_userlocked_out_userproblem_u_db77ac'

2023-01-20 21:16:56 - [MESSAGE][PASSED] - Text 'locked_out_user' is set on object 'Object Repository/Page_Swag Labs/input_standard_userlocked_out_userproblem_u_db77ac'

2023-01-20 21:16:56 - [TEST_STEP][PASSED] - setEncryptedText(findTestObject("Object Repository/Page_Swag Labs/input_standard_userlocked_out_userproblem_u_3423e9"), "qcu24s4901FyWDTwXGr6XA=="): Text ****** has been set on object 'Object Repository/Page_Swag Labs/input_standard_userlocked_out_userproblem_u_3423e9'

2023-01-20 21:16:57 - [MESSAGE][PASSED] - Text ****** has been set on object 'Object Repository/Page_Swag Labs/input_standard_userlocked_out_userproblem_u_3423e9'

2023-01-20 21:16:57 - [TEST_STEP][PASSED] - click(findTestObject("Object Repository/Page_Swag Labs/input_standard_userlocked_out_userproblem_u_0dff71")): Object: 'Object Repository/Page_Swag Labs/input_standard_userlocked_out_userproblem_u_0dff71' is clicked on

2023-01-20 21:16:57 - [MESSAGE][PASSED] - Object: 'Object Repository/Page_Swag Labs/input_standard_userlocked_out_userproblem_u_0dff71' is clicked on

2023-01-20 21:16:57 - [TEST_STEP][PASSED] - verifyTextPresent("Sorry, this user has been locked out.", false): Text 'Sorry, this user has been locked out.' is present on page 

2023-01-20 21:16:58 - [MESSAGE][PASSED] - Text 'Sorry, this user has been locked out.' is present on page]]></system-out>
         <system-err><![CDATA[]]></system-err>
      </testcase>
      <testcase name="Test Cases/TC03 - Login - Problem User - Positive" time="5.39" classname="Test Cases/TC03 - Login - Problem User - Positive" status="PASSED">
         <system-out><![CDATA[2023-01-20 21:16:58 - [TEST_CASE][PASSED] - Test Cases/TC03 - Login - Problem User - Positive: Test Cases/TC03 - Login - Problem User - Positive

2023-01-20 21:16:58 - [TEST_STEP][PASSED] - openBrowser(""): Browser is opened with url: ''

2023-01-20 21:16:58 - [MESSAGE][WARNING] - A browser is already opened. Closing browser and opening a new one

2023-01-20 21:16:59 - [MESSAGE][INFO] - Starting 'Chrome' driver

2023-01-20 21:16:59 - [MESSAGE][INFO] - Action delay is set to 0 milliseconds

2023-01-20 21:17:00 - [MESSAGE][PASSED] - Browser is opened with url: ''

2023-01-20 21:17:00 - [TEST_STEP][PASSED] - navigateToUrl("https://www.saucedemo.com/"): Navigate to 'https://www.saucedemo.com/' successfully

2023-01-20 21:17:01 - [MESSAGE][PASSED] - Navigate to 'https://www.saucedemo.com/' successfully

2023-01-20 21:17:01 - [TEST_STEP][PASSED] - setText(findTestObject("Object Repository/Page_Swag Labs/input_standard_userlocked_out_userproblem_u_db77ac"), "problem_user"): Text 'problem_user' is set on object 'Object Repository/Page_Swag Labs/input_standard_userlocked_out_userproblem_u_db77ac'

2023-01-20 21:17:02 - [MESSAGE][PASSED] - Text 'problem_user' is set on object 'Object Repository/Page_Swag Labs/input_standard_userlocked_out_userproblem_u_db77ac'

2023-01-20 21:17:02 - [TEST_STEP][PASSED] - setEncryptedText(findTestObject("Object Repository/Page_Swag Labs/input_standard_userlocked_out_userproblem_u_3423e9"), "qcu24s4901FyWDTwXGr6XA=="): Text ****** has been set on object 'Object Repository/Page_Swag Labs/input_standard_userlocked_out_userproblem_u_3423e9'

2023-01-20 21:17:02 - [MESSAGE][PASSED] - Text ****** has been set on object 'Object Repository/Page_Swag Labs/input_standard_userlocked_out_userproblem_u_3423e9'

2023-01-20 21:17:02 - [TEST_STEP][PASSED] - click(findTestObject("Object Repository/Page_Swag Labs/input_standard_userlocked_out_userproblem_u_0dff71")): Object: 'Object Repository/Page_Swag Labs/input_standard_userlocked_out_userproblem_u_0dff71' is clicked on

2023-01-20 21:17:03 - [MESSAGE][PASSED] - Object: 'Object Repository/Page_Swag Labs/input_standard_userlocked_out_userproblem_u_0dff71' is clicked on

2023-01-20 21:17:03 - [TEST_STEP][PASSED] - verifyTextPresent("PRODUCTS", false): Text 'PRODUCTS' is present on page 

2023-01-20 21:17:03 - [MESSAGE][PASSED] - Text 'PRODUCTS' is present on page]]></system-out>
         <system-err><![CDATA[]]></system-err>
      </testcase>
      <system-out><![CDATA[2023-01-20 21:16:36 - [TEST_SUITE][PASSED] - Test Suite 01 - Positive: Test Cases/TC03 - Login - Problem User - Positive]]></system-out>
      <system-err><![CDATA[]]></system-err>
   </testsuite>
</testsuites>
