<?xml version="1.0" encoding="UTF-8"?>
<testsuites name="Test Suite 02 - Login 3 User - Positive" time="20.156" tests="3" failures="0" errors="0">
   <testsuite name="Test Suite 02 - Login 3 User - Positive" tests="3" failures="0" errors="0" time="20.156" skipped="0" timestamp="2023-01-20 21:42:15" hostname="User-PC - DESKTOP-NJ1DL4D" id="Test Suites/Test Suite 02 - Login 3 User - Positive">
      <properties>
         <property name="deviceName" value=""/>
         <property name="devicePlatform" value=""/>
         <property name="logFolder" value="C:\\Users\\User-PC\\git\\SauceDemo\\Reports\\20230120_214212\\Test Suite 02 - Login 3 User - Positive\\20230120_214212"/>
         <property name="logFiles" value="C:\\Users\\User-PC\\git\\SauceDemo\\Reports\\20230120_214212\\Test Suite 02 - Login 3 User - Positive\\20230120_214212\\execution0.log"/>
         <property name="attachments" value=""/>
         <property name="hostName" value="User-PC - DESKTOP-NJ1DL4D"/>
         <property name="os" value="Windows 10 64bit"/>
         <property name="katalonVersion" value="8.5.5.208"/>
         <property name="browser" value="Chrome 109.0.0.0"/>
         <property name="hostAddress" value="192.168.1.9"/>
         <property name="sessionId" value="a6863e6362ab38306ee66c5f0399fbaf"/>
         <property name="seleniumVersion" value="3.141.59"/>
         <property name="proxyInformation" value="ProxyInformation { proxyOption=NO_PROXY, proxyServerType=HTTP, username=, password=********, proxyServerAddress=, proxyServerPort=0, executionList=&quot;&quot;, isApplyToDesiredCapabilities=true }"/>
         <property name="platform" value="Windows 10"/>
      </properties>
      <testcase name="Test Cases/TC06 - Login - 3 User - Positive" time="5.718" classname="Test Cases/TC06 - Login - 3 User - Positive" status="PASSED">
         <system-out><![CDATA[2023-01-20 21:42:15 - [TEST_CASE][PASSED] - Test Cases/TC06 - Login - 3 User - Positive: Test Cases/TC06 - Login - 3 User - Positive

2023-01-20 21:42:15 - [TEST_STEP][PASSED] - openBrowser(""): Browser is opened with url: ''

2023-01-20 21:42:16 - [MESSAGE][INFO] - Starting 'Chrome' driver

2023-01-20 21:42:16 - [MESSAGE][INFO] - Action delay is set to 0 milliseconds

2023-01-20 21:42:18 - [MESSAGE][PASSED] - Browser is opened with url: ''

2023-01-20 21:42:18 - [TEST_STEP][PASSED] - navigateToUrl("https://www.saucedemo.com/"): Navigate to 'https://www.saucedemo.com/' successfully

2023-01-20 21:42:18 - [MESSAGE][PASSED] - Navigate to 'https://www.saucedemo.com/' successfully

2023-01-20 21:42:18 - [TEST_STEP][PASSED] - setText(findTestObject("Object Repository/Page_Swag Labs/input_standard_userlocked_out_userproblem_u_db77ac"), username): Text 'standard_user' is set on object 'Object Repository/Page_Swag Labs/input_standard_userlocked_out_userproblem_u_db77ac'

2023-01-20 21:42:19 - [MESSAGE][PASSED] - Text 'standard_user' is set on object 'Object Repository/Page_Swag Labs/input_standard_userlocked_out_userproblem_u_db77ac'

2023-01-20 21:42:19 - [TEST_STEP][PASSED] - setEncryptedText(findTestObject("Object Repository/Page_Swag Labs/input_standard_userlocked_out_userproblem_u_3423e9"), "qcu24s4901FyWDTwXGr6XA=="): Text ****** has been set on object 'Object Repository/Page_Swag Labs/input_standard_userlocked_out_userproblem_u_3423e9'

2023-01-20 21:42:20 - [MESSAGE][PASSED] - Text ****** has been set on object 'Object Repository/Page_Swag Labs/input_standard_userlocked_out_userproblem_u_3423e9'

2023-01-20 21:42:20 - [TEST_STEP][PASSED] - click(findTestObject("Object Repository/Page_Swag Labs/input_standard_userlocked_out_userproblem_u_0dff71")): Object: 'Object Repository/Page_Swag Labs/input_standard_userlocked_out_userproblem_u_0dff71' is clicked on

2023-01-20 21:42:20 - [MESSAGE][PASSED] - Object: 'Object Repository/Page_Swag Labs/input_standard_userlocked_out_userproblem_u_0dff71' is clicked on

2023-01-20 21:42:20 - [TEST_STEP][PASSED] - verifyTextPresent("PRODUCTS", false): Text 'PRODUCTS' is present on page 

2023-01-20 21:42:21 - [MESSAGE][PASSED] - Text 'PRODUCTS' is present on page]]></system-out>
         <system-err><![CDATA[]]></system-err>
      </testcase>
      <testcase name="Test Cases/TC06 - Login - 3 User - Positive" time="4.521" classname="Test Cases/TC06 - Login - 3 User - Positive" status="PASSED">
         <system-out><![CDATA[2023-01-20 21:42:21 - [TEST_CASE][PASSED] - Test Cases/TC06 - Login - 3 User - Positive: Test Cases/TC06 - Login - 3 User - Positive

2023-01-20 21:42:21 - [TEST_STEP][PASSED] - openBrowser(""): Browser is opened with url: ''

2023-01-20 21:42:21 - [MESSAGE][WARNING] - A browser is already opened. Closing browser and opening a new one

2023-01-20 21:42:21 - [MESSAGE][INFO] - Starting 'Chrome' driver

2023-01-20 21:42:21 - [MESSAGE][INFO] - Action delay is set to 0 milliseconds

2023-01-20 21:42:23 - [MESSAGE][PASSED] - Browser is opened with url: ''

2023-01-20 21:42:23 - [TEST_STEP][PASSED] - navigateToUrl("https://www.saucedemo.com/"): Navigate to 'https://www.saucedemo.com/' successfully

2023-01-20 21:42:23 - [MESSAGE][PASSED] - Navigate to 'https://www.saucedemo.com/' successfully

2023-01-20 21:42:23 - [TEST_STEP][PASSED] - setText(findTestObject("Object Repository/Page_Swag Labs/input_standard_userlocked_out_userproblem_u_db77ac"), username): Text 'problem_user' is set on object 'Object Repository/Page_Swag Labs/input_standard_userlocked_out_userproblem_u_db77ac'

2023-01-20 21:42:24 - [MESSAGE][PASSED] - Text 'problem_user' is set on object 'Object Repository/Page_Swag Labs/input_standard_userlocked_out_userproblem_u_db77ac'

2023-01-20 21:42:24 - [TEST_STEP][PASSED] - setEncryptedText(findTestObject("Object Repository/Page_Swag Labs/input_standard_userlocked_out_userproblem_u_3423e9"), "qcu24s4901FyWDTwXGr6XA=="): Text ****** has been set on object 'Object Repository/Page_Swag Labs/input_standard_userlocked_out_userproblem_u_3423e9'

2023-01-20 21:42:24 - [MESSAGE][PASSED] - Text ****** has been set on object 'Object Repository/Page_Swag Labs/input_standard_userlocked_out_userproblem_u_3423e9'

2023-01-20 21:42:24 - [TEST_STEP][PASSED] - click(findTestObject("Object Repository/Page_Swag Labs/input_standard_userlocked_out_userproblem_u_0dff71")): Object: 'Object Repository/Page_Swag Labs/input_standard_userlocked_out_userproblem_u_0dff71' is clicked on

2023-01-20 21:42:25 - [MESSAGE][PASSED] - Object: 'Object Repository/Page_Swag Labs/input_standard_userlocked_out_userproblem_u_0dff71' is clicked on

2023-01-20 21:42:25 - [TEST_STEP][PASSED] - verifyTextPresent("PRODUCTS", false): Text 'PRODUCTS' is present on page 

2023-01-20 21:42:25 - [MESSAGE][PASSED] - Text 'PRODUCTS' is present on page]]></system-out>
         <system-err><![CDATA[]]></system-err>
      </testcase>
      <testcase name="Test Cases/TC06 - Login - 3 User - Positive" time="9.509" classname="Test Cases/TC06 - Login - 3 User - Positive" status="PASSED">
         <system-out><![CDATA[2023-01-20 21:42:25 - [TEST_CASE][PASSED] - Test Cases/TC06 - Login - 3 User - Positive: Test Cases/TC06 - Login - 3 User - Positive

2023-01-20 21:42:25 - [TEST_STEP][PASSED] - openBrowser(""): Browser is opened with url: ''

2023-01-20 21:42:25 - [MESSAGE][WARNING] - A browser is already opened. Closing browser and opening a new one

2023-01-20 21:42:26 - [MESSAGE][INFO] - Starting 'Chrome' driver

2023-01-20 21:42:26 - [MESSAGE][INFO] - Action delay is set to 0 milliseconds

2023-01-20 21:42:27 - [MESSAGE][PASSED] - Browser is opened with url: ''

2023-01-20 21:42:27 - [TEST_STEP][PASSED] - navigateToUrl("https://www.saucedemo.com/"): Navigate to 'https://www.saucedemo.com/' successfully

2023-01-20 21:42:28 - [MESSAGE][PASSED] - Navigate to 'https://www.saucedemo.com/' successfully

2023-01-20 21:42:28 - [TEST_STEP][PASSED] - setText(findTestObject("Object Repository/Page_Swag Labs/input_standard_userlocked_out_userproblem_u_db77ac"), username): Text 'performance_glitch_user' is set on object 'Object Repository/Page_Swag Labs/input_standard_userlocked_out_userproblem_u_db77ac'

2023-01-20 21:42:28 - [MESSAGE][PASSED] - Text 'performance_glitch_user' is set on object 'Object Repository/Page_Swag Labs/input_standard_userlocked_out_userproblem_u_db77ac'

2023-01-20 21:42:28 - [TEST_STEP][PASSED] - setEncryptedText(findTestObject("Object Repository/Page_Swag Labs/input_standard_userlocked_out_userproblem_u_3423e9"), "qcu24s4901FyWDTwXGr6XA=="): Text ****** has been set on object 'Object Repository/Page_Swag Labs/input_standard_userlocked_out_userproblem_u_3423e9'

2023-01-20 21:42:29 - [MESSAGE][PASSED] - Text ****** has been set on object 'Object Repository/Page_Swag Labs/input_standard_userlocked_out_userproblem_u_3423e9'

2023-01-20 21:42:29 - [TEST_STEP][PASSED] - click(findTestObject("Object Repository/Page_Swag Labs/input_standard_userlocked_out_userproblem_u_0dff71")): Object: 'Object Repository/Page_Swag Labs/input_standard_userlocked_out_userproblem_u_0dff71' is clicked on

2023-01-20 21:42:34 - [MESSAGE][PASSED] - Object: 'Object Repository/Page_Swag Labs/input_standard_userlocked_out_userproblem_u_0dff71' is clicked on

2023-01-20 21:42:34 - [TEST_STEP][PASSED] - verifyTextPresent("PRODUCTS", false): Text 'PRODUCTS' is present on page 

2023-01-20 21:42:35 - [MESSAGE][PASSED] - Text 'PRODUCTS' is present on page]]></system-out>
         <system-err><![CDATA[]]></system-err>
      </testcase>
      <system-out><![CDATA[2023-01-20 21:42:15 - [TEST_SUITE][PASSED] - Test Suite 02 - Login 3 User - Positive: Test Cases/TC06 - Login - 3 User - Positive]]></system-out>
      <system-err><![CDATA[]]></system-err>
   </testsuite>
</testsuites>
